npm warn cleanup Failed to remove some directories [
npm warn cleanup   [
npm warn cleanup     'C:\\Users\\USER\\assessify\\node_modules\\@rollup\\rollup-win32-x64-gnu',
npm warn cleanup     [Error: ENOTEMPTY: directory not empty, rmdir 'C:\Users\USER\assessify\node_modules\@rollup\rollup-win32-x64-gnu'] {
npm warn cleanup       errno: -4051,
npm warn cleanup       code: 'ENOTEMPTY',
npm warn cleanup       syscall: 'rmdir',
npm warn cleanup       path: 'C:\\Users\\USER\\assessify\\node_modules\\@rollup\\rollup-win32-x64-gnu'
npm warn cleanup     }
npm warn cleanup   ],
npm warn cleanup   [
npm warn cleanup     'C:\\Users\\USER\\assessify\\node_modules\\@rollup',
npm warn cleanup     [Error: EPERM: operation not permitted, lstat 'C:\Users\USER\assessify\node_modules\@rollup\rollup-win32-x64-gnu\rollup.win32-x64-gnu.node'] {
npm warn cleanup       errno: -4048,
npm warn cleanup       code: 'EPERM',
npm warn cleanup       syscall: 'lstat',
npm warn cleanup       path: 'C:\\Users\\USER\\assessify\\node_modules\\@rollup\\rollup-win32-x64-gnu\\rollup.win32-x64-gnu.node'
npm warn cleanup     }
npm warn cleanup   ],
npm warn cleanup   [
npm warn cleanup     'C:\\Users\\USER\\assessify\\node_modules\\@sentry\\cli-win32-x64',
npm warn cleanup     [Error: ENOTEMPTY: directory not empty, rmdir 'C:\Users\USER\assessify\node_modules\@sentry\cli-win32-x64\bin'] {
npm warn cleanup       errno: -4051,
npm warn cleanup       code: 'ENOTEMPTY',
npm warn cleanup       syscall: 'rmdir',
npm warn cleanup       path: 'C:\\Users\\USER\\assessify\\node_modules\\@sentry\\cli-win32-x64\\bin'
npm warn cleanup     }
npm warn cleanup   ],
npm warn cleanup   [
npm warn cleanup     'C:\\Users\\USER\\assessify\\node_modules\\@sentry',
npm warn cleanup     [Error: EPERM: operation not permitted, lstat 'C:\Users\USER\assessify\node_modules\@sentry\cli-win32-x64\bin\sentry-cli.exe'] {
npm warn cleanup       errno: -4048,
npm warn cleanup       code: 'EPERM',
npm warn cleanup       syscall: 'lstat',
npm warn cleanup       path: 'C:\\Users\\USER\\assessify\\node_modules\\@sentry\\cli-win32-x64\\bin\\sentry-cli.exe'
npm warn cleanup     }
npm warn cleanup   ],
npm warn cleanup   [
npm warn cleanup     'C:\\Users\\USER\\assessify\\node_modules\\schema-utils',
npm warn cleanup     [Error: EPERM: operation not permitted, unlink 'C:\Users\USER\assessify\node_modules\schema-utils\declarations\util\Range.d.ts'] {
npm warn cleanup       errno: -4048,
npm warn cleanup       code: 'EPERM',
npm warn cleanup       syscall: 'unlink',
npm warn cleanup       path: 'C:\\Users\\USER\\assessify\\node_modules\\schema-utils\\declarations\\util\\Range.d.ts'
npm warn cleanup     }
npm warn cleanup   ],
npm warn cleanup   [
npm warn cleanup     'C:\\Users\\USER\\assessify\\node_modules\\@opentelemetry',
npm warn cleanup     [Error: EPERM: operation not permitted, rmdir 'C:\Users\USER\assessify\node_modules\@opentelemetry\instrumentation-http\node_modules'] {
npm warn cleanup       errno: -4048,
npm warn cleanup       code: 'EPERM',
npm warn cleanup       syscall: 'rmdir',
npm warn cleanup       path: 'C:\\Users\\USER\\assessify\\node_modules\\@opentelemetry\\instrumentation-http\\node_modules'
npm warn cleanup     }
npm warn cleanup   ],
npm warn cleanup   [
npm warn cleanup     'C:\\Users\\USER\\assessify\\node_modules\\@prisma',
npm warn cleanup     [Error: EPERM: operation not permitted, rmdir 'C:\Users\USER\assessify\node_modules\@prisma\instrumentation\node_modules'] {
npm warn cleanup       errno: -4048,
npm warn cleanup       code: 'EPERM',
npm warn cleanup       syscall: 'rmdir',
npm warn cleanup       path: 'C:\\Users\\USER\\assessify\\node_modules\\@prisma\\instrumentation\\node_modules'
npm warn cleanup     }
npm warn cleanup   ]
npm warn cleanup ]
npm error code ECONNRESET
npm error syscall read
npm error errno -4077
npm error network read ECONNRESET
npm error network This is a problem related to network connectivity.
npm error network In most cases you are behind a proxy or have bad network settings.
npm error network
npm error network If you are behind a proxy, please make sure that the
npm error network 'proxy' config is set properly.  See: 'npm help config'
npm error A complete log of this run can be found in: C:\Users\USER\AppData\Local\npm-cache\_logs\2026-05-08T19_03_58_698Z-debug-0.log
